<?xml version="1.0" encoding="UTF-8"?>
<testsuite name="be.helha.apiprojetrpggroupe6.testArme" tests="7" skipped="0" failures="0" errors="0" timestamp="2024-05-21T12:41:31" hostname="TSUPUTER" time="2.06">
  <properties/>
  <testcase name="testDelete1Arme()" classname="be.helha.apiprojetrpggroupe6.testArme" time="1.676"/>
  <testcase name="testUpdateArme()" classname="be.helha.apiprojetrpggroupe6.testArme" time="0.101"/>
  <testcase name="testInsertFalse()" classname="be.helha.apiprojetrpggroupe6.testArme" time="0.059"/>
  <testcase name="testGetArme()" classname="be.helha.apiprojetrpggroupe6.testArme" time="0.053"/>
  <testcase name="testGetByID()" classname="be.helha.apiprojetrpggroupe6.testArme" time="0.052"/>
  <testcase name="testUpdateArmeNonFonctionnel()" classname="be.helha.apiprojetrpggroupe6.testArme" time="0.051"/>
  <testcase name="testDeleteArmeNonExist()" classname="be.helha.apiprojetrpggroupe6.testArme" time="0.053"/>
  <system-out><![CDATA[14:41:27.788 [Test worker] INFO org.springframework.test.context.support.AnnotationConfigContextLoaderUtils -- Could not detect default configuration classes for test class [be.helha.apiprojetrpggroupe6.testArme]: testArme does not declare any static, non-private, non-final, nested classes annotated with @Configuration.
14:41:27.996 [Test worker] INFO org.springframework.boot.test.context.SpringBootTestContextBootstrapper -- Found @SpringBootConfiguration be.helha.apiprojetrpggroupe6.ApiProjetRpgGroupe6Application for test class be.helha.apiprojetrpggroupe6.testArme

  .   ____          _            __ _ _
 /\\ / ___'_ __ _ _(_)_ __  __ _ \ \ \ \
( ( )\___ | '_ | '_| | '_ \/ _` | \ \ \ \
 \\/  ___)| |_)| | | | | || (_| |  ) ) ) )
  '  |____| .__|_| |_|_| |_\__, | / / / /
 =========|_|==============|___/=/_/_/_/
 :: Spring Boot ::                (v3.2.5)

2024-05-21T14:41:29.025+02:00  INFO 26440 --- [api-ProjetRpg-Groupe6] [    Test worker] be.helha.apiprojetrpggroupe6.testArme    : Starting testArme using Java 19.0.2 with PID 26440 (started by Tsuyo in C:\projet java\Group06\api-ProjetRpg-Groupe6)
2024-05-21T14:41:29.030+02:00  INFO 26440 --- [api-ProjetRpg-Groupe6] [    Test worker] be.helha.apiprojetrpggroupe6.testArme    : No active profile set, falling back to 1 default profile: "default"
2024-05-21T14:41:31.787+02:00  INFO 26440 --- [api-ProjetRpg-Groupe6] [    Test worker] be.helha.apiprojetrpggroupe6.testArme    : Started testArme in 3.234 seconds (process running for 5.963)
]]></system-out>
  <system-err><![CDATA[]]></system-err>
</testsuite>
